# JRE version: OpenJDK Runtime Environment Temurin-17.0.9+9 (17.0.9+9) (build 17.0.9+9)
# Java VM: OpenJDK 64-Bit Server VM Temurin-17.0.9+9 (17.0.9+9, mixed mode, tiered, compressed oops, compressed class ptrs, parallel gc, windows-amd64)
GC Precious Log:
 CPUs: 16 total, 16 available
 Memory: 32701M
 Large Page Support: Disabled
 NUMA Support: Disabled
 Compressed Oops: Enabled (32-bit)
 Alignments: Space 512K, Generation 512K, Heap 2M
 Heap Min Capacity: 100M
 Heap Initial Capacity: 100M
 Heap Max Capacity: 1G
 Pre-touch: Disabled
 Parallel Workers: 13
Heap:
 PSYoungGen      total 3584K, used 3214K [0x00000000eab00000, 0x00000000eb100000, 0x0000000100000000)
  eden space 1536K, 100% used [0x00000000eab00000,0x00000000eac80000,0x00000000eac80000)
  from space 2048K, 81% used [0x00000000eac80000,0x00000000eae239d0,0x00000000eae80000)
  to   space 2048K, 81% used [0x00000000eaf00000,0x00000000eb0a39d0,0x00000000eb100000)
 ParOldGen       total 139264K, used 119982K [0x00000000c0000000, 0x00000000c8800000, 0x00000000eab00000)
  object space 139264K, 86% used [0x00000000c0000000,0x00000000c752bbf0,0x00000000c8800000)
 Metaspace       used 92904K, committed 94336K, reserved 1179648K
  class space    used 9337K, committed 10048K, reserved 1048576K
GC Heap History (20 events):
Event: 1356.498 GC heap after
{Heap after GC invocations=4685 (full 74):
 PSYoungGen      total 1536K, used 1024K [0x00000000eab00000, 0x00000000eb300000, 0x0000000100000000)
  eden space 512K, 0% used [0x00000000eab00000,0x00000000eab00000,0x00000000eab80000)
  from space 1024K, 100% used [0x00000000eae80000,0x00000000eaf80000,0x00000000eaf80000)
  to   space 3072K, 0% used [0x00000000eab80000,0x00000000eab80000,0x00000000eae80000)
 ParOldGen       total 139264K, used 111968K [0x00000000c0000000, 0x00000000c8800000, 0x00000000eab00000)
  object space 139264K, 80% used [0x00000000c0000000,0x00000000c6d58300,0x00000000c8800000)
 Metaspace       used 92887K, committed 94336K, reserved 1179648K
  class space    used 9335K, committed 10048K, reserved 1048576K
}
Event: 1356.499 GC heap before
{Heap before GC invocations=4686 (full 74):
 PSYoungGen      total 1536K, used 1536K [0x00000000eab00000, 0x00000000eb300000, 0x0000000100000000)
  eden space 512K, 100% used [0x00000000eab00000,0x00000000eab80000,0x00000000eab80000)
  from space 1024K, 100% used [0x00000000eae80000,0x00000000eaf80000,0x00000000eaf80000)
  to   space 3072K, 0% used [0x00000000eab80000,0x00000000eab80000,0x00000000eae80000)
 ParOldGen       total 139264K, used 111968K [0x00000000c0000000, 0x00000000c8800000, 0x00000000eab00000)
  object space 139264K, 80% used [0x00000000c0000000,0x00000000c6d58300,0x00000000c8800000)
 Metaspace       used 92887K, committed 94336K, reserved 1179648K
  class space    used 9335K, committed 10048K, reserved 1048576K
}
Event: 1356.500 GC heap after
{Heap after GC invocations=4686 (full 74):
 PSYoungGen      total 1536K, used 672K [0x00000000eab00000, 0x00000000eaf00000, 0x0000000100000000)
  eden space 512K, 0% used [0x00000000eab00000,0x00000000eab00000,0x00000000eab80000)
  from space 1024K, 65% used [0x00000000eab80000,0x00000000eac28000,0x00000000eac80000)
  to   space 1536K, 0% used [0x00000000ead80000,0x00000000ead80000,0x00000000eaf00000)
 ParOldGen       total 139264K, used 113064K [0x00000000c0000000, 0x00000000c8800000, 0x00000000eab00000)
  object space 139264K, 81% used [0x00000000c0000000,0x00000000c6e6a300,0x00000000c8800000)
 Metaspace       used 92887K, committed 94336K, reserved 1179648K
  class space    used 9335K, committed 10048K, reserved 1048576K
}
Event: 1356.501 GC heap before
{Heap before GC invocations=4687 (full 74):
 PSYoungGen      total 1536K, used 1184K [0x00000000eab00000, 0x00000000eaf00000, 0x0000000100000000)
  eden space 512K, 100% used [0x00000000eab00000,0x00000000eab80000,0x00000000eab80000)
  from space 1024K, 65% used [0x00000000eab80000,0x00000000eac28000,0x00000000eac80000)
  to   space 1536K, 0% used [0x00000000ead80000,0x00000000ead80000,0x00000000eaf00000)
 ParOldGen       total 139264K, used 113064K [0x00000000c0000000, 0x00000000c8800000, 0x00000000eab00000)
  object space 139264K, 81% used [0x00000000c0000000,0x00000000c6e6a300,0x00000000c8800000)
 Metaspace       used 92887K, committed 94336K, reserved 1179648K
  class space    used 9335K, committed 10048K, reserved 1048576K
}
Event: 1356.501 GC heap after
{Heap after GC invocations=4687 (full 74):
 PSYoungGen      total 2048K, used 640K [0x00000000eab00000, 0x00000000eae80000, 0x0000000100000000)
  eden space 1024K, 0% used [0x00000000eab00000,0x00000000eab00000,0x00000000eac00000)
  from space 1024K, 62% used [0x00000000ead80000,0x00000000eae20000,0x00000000eae80000)
  to   space 1024K, 0% used [0x00000000eac80000,0x00000000eac80000,0x00000000ead80000)
 ParOldGen       total 139264K, used 113600K [0x00000000c0000000, 0x00000000c8800000, 0x00000000eab00000)
  object space 139264K, 81% used [0x00000000c0000000,0x00000000c6ef0300,0x00000000c8800000)
 Metaspace       used 92887K, committed 94336K, reserved 1179648K
  class space    used 9335K, committed 10048K, reserved 1048576K
}
Event: 1356.503 GC heap before
{Heap before GC invocations=4688 (full 74):
 PSYoungGen      total 2048K, used 1664K [0x00000000eab00000, 0x00000000eae80000, 0x0000000100000000)
  eden space 1024K, 100% used [0x00000000eab00000,0x00000000eac00000,0x00000000eac00000)
  from space 1024K, 62% used [0x00000000ead80000,0x00000000eae20000,0x00000000eae80000)
  to   space 1024K, 0% used [0x00000000eac80000,0x00000000eac80000,0x00000000ead80000)
 ParOldGen       total 139264K, used 113600K [0x00000000c0000000, 0x00000000c8800000, 0x00000000eab00000)
  object space 139264K, 81% used [0x00000000c0000000,0x00000000c6ef0300,0x00000000c8800000)
 Metaspace       used 92887K, committed 94336K, reserved 1179648K
  class space    used 9335K, committed 10048K, reserved 1048576K
}
Event: 1356.504 GC heap after
{Heap after GC invocations=4688 (full 74):
 PSYoungGen      total 2560K, used 1024K [0x00000000eab00000, 0x00000000eb080000, 0x0000000100000000)
  eden space 1536K, 0% used [0x00000000eab00000,0x00000000eab00000,0x00000000eac80000)
  from space 1024K, 100% used [0x00000000eac80000,0x00000000ead80000,0x00000000ead80000)
  to   space 2048K, 0% used [0x00000000eae80000,0x00000000eae80000,0x00000000eb080000)
 ParOldGen       total 139264K, used 114160K [0x00000000c0000000, 0x00000000c8800000, 0x00000000eab00000)
  object space 139264K, 81% used [0x00000000c0000000,0x00000000c6f7c300,0x00000000c8800000)
 Metaspace       used 92887K, committed 94336K, reserved 1179648K
  class space    used 9335K, committed 10048K, reserved 1048576K
}
Event: 1356.506 GC heap before
{Heap before GC invocations=4689 (full 74):
 PSYoungGen      total 2560K, used 2560K [0x00000000eab00000, 0x00000000eb080000, 0x0000000100000000)
  eden space 1536K, 100% used [0x00000000eab00000,0x00000000eac80000,0x00000000eac80000)
  from space 1024K, 100% used [0x00000000eac80000,0x00000000ead80000,0x00000000ead80000)
  to   space 2048K, 0% used [0x00000000eae80000,0x00000000eae80000,0x00000000eb080000)
 ParOldGen       total 139264K, used 114160K [0x00000000c0000000, 0x00000000c8800000, 0x00000000eab00000)
  object space 139264K, 81% used [0x00000000c0000000,0x00000000c6f7c300,0x00000000c8800000)
 Metaspace       used 92887K, committed 94336K, reserved 1179648K
  class space    used 9335K, committed 10048K, reserved 1048576K
}
Event: 1356.507 GC heap after
{Heap after GC invocations=4689 (full 74):
 PSYoungGen      total 3584K, used 896K [0x00000000eab00000, 0x00000000eb000000, 0x0000000100000000)
  eden space 2048K, 0% used [0x00000000eab00000,0x00000000eab00000,0x00000000ead00000)
  from space 1536K, 58% used [0x00000000eae80000,0x00000000eaf60000,0x00000000eb000000)
  to   space 1536K, 0% used [0x00000000ead00000,0x00000000ead00000,0x00000000eae80000)
 ParOldGen       total 139264K, used 115176K [0x00000000c0000000, 0x00000000c8800000, 0x00000000eab00000)
  object space 139264K, 82% used [0x00000000c0000000,0x00000000c707a300,0x00000000c8800000)
 Metaspace       used 92887K, committed 94336K, reserved 1179648K
  class space    used 9335K, committed 10048K, reserved 1048576K
}
Event: 1356.593 GC heap before
{Heap before GC invocations=4690 (full 74):
 PSYoungGen      total 3584K, used 2944K [0x00000000eab00000, 0x00000000eb000000, 0x0000000100000000)
  eden space 2048K, 100% used [0x00000000eab00000,0x00000000ead00000,0x00000000ead00000)
  from space 1536K, 58% used [0x00000000eae80000,0x00000000eaf60000,0x00000000eb000000)
  to   space 1536K, 0% used [0x00000000ead00000,0x00000000ead00000,0x00000000eae80000)
 ParOldGen       total 139264K, used 115176K [0x00000000c0000000, 0x00000000c8800000, 0x00000000eab00000)
  object space 139264K, 82% used [0x00000000c0000000,0x00000000c707a300,0x00000000c8800000)
 Metaspace       used 92887K, committed 94336K, reserved 1179648K
  class space    used 9335K, committed 10048K, reserved 1048576K
}
Event: 1356.593 GC heap after
{Heap after GC invocations=4690 (full 74):
 PSYoungGen      total 3584K, used 592K [0x00000000eab00000, 0x00000000eaf80000, 0x0000000100000000)
  eden space 2048K, 0% used [0x00000000eab00000,0x00000000eab00000,0x00000000ead00000)
  from space 1536K, 38% used [0x00000000ead00000,0x00000000ead94010,0x00000000eae80000)
  to   space 1024K, 0% used [0x00000000eae80000,0x00000000eae80000,0x00000000eaf80000)
 ParOldGen       total 139264K, used 115799K [0x00000000c0000000, 0x00000000c8800000, 0x00000000eab00000)
  object space 139264K, 83% used [0x00000000c0000000,0x00000000c7115d40,0x00000000c8800000)
 Metaspace       used 92887K, committed 94336K, reserved 1179648K
  class space    used 9335K, committed 10048K, reserved 1048576K
}
Event: 1356.596 GC heap before
{Heap before GC invocations=4691 (full 74):
 PSYoungGen      total 3584K, used 2640K [0x00000000eab00000, 0x00000000eaf80000, 0x0000000100000000)
  eden space 2048K, 100% used [0x00000000eab00000,0x00000000ead00000,0x00000000ead00000)
  from space 1536K, 38% used [0x00000000ead00000,0x00000000ead94010,0x00000000eae80000)
  to   space 1024K, 0% used [0x00000000eae80000,0x00000000eae80000,0x00000000eaf80000)
 ParOldGen       total 139264K, used 115799K [0x00000000c0000000, 0x00000000c8800000, 0x00000000eab00000)
  object space 139264K, 83% used [0x00000000c0000000,0x00000000c7115d40,0x00000000c8800000)
 Metaspace       used 92887K, committed 94336K, reserved 1179648K
  class space    used 9335K, committed 10048K, reserved 1048576K
}
Event: 1356.596 GC heap after
{Heap after GC invocations=4691 (full 74):
 PSYoungGen      total 3584K, used 624K [0x00000000eab00000, 0x00000000eaf80000, 0x0000000100000000)
  eden space 2560K, 0% used [0x00000000eab00000,0x00000000eab00000,0x00000000ead80000)
  from space 1024K, 60% used [0x00000000eae80000,0x00000000eaf1c010,0x00000000eaf80000)
  to   space 1024K, 0% used [0x00000000ead80000,0x00000000ead80000,0x00000000eae80000)
 ParOldGen       total 139264K, used 116260K [0x00000000c0000000, 0x00000000c8800000, 0x00000000eab00000)
  object space 139264K, 83% used [0x00000000c0000000,0x00000000c71891e0,0x00000000c8800000)
 Metaspace       used 92887K, committed 94336K, reserved 1179648K
  class space    used 9335K, committed 10048K, reserved 1048576K
}
Event: 1356.960 GC heap before
{Heap before GC invocations=4692 (full 74):
 PSYoungGen      total 3584K, used 3184K [0x00000000eab00000, 0x00000000eaf80000, 0x0000000100000000)
  eden space 2560K, 100% used [0x00000000eab00000,0x00000000ead80000,0x00000000ead80000)
  from space 1024K, 60% used [0x00000000eae80000,0x00000000eaf1c010,0x00000000eaf80000)
  to   space 1024K, 0% used [0x00000000ead80000,0x00000000ead80000,0x00000000eae80000)
 ParOldGen       total 139264K, used 116260K [0x00000000c0000000, 0x00000000c8800000, 0x00000000eab00000)
  object space 139264K, 83% used [0x00000000c0000000,0x00000000c71891e0,0x00000000c8800000)
 Metaspace       used 92894K, committed 94336K, reserved 1179648K
  class space    used 9337K, committed 10048K, reserved 1048576K
}
Event: 1356.961 GC heap after
{Heap after GC invocations=4692 (full 74):
 PSYoungGen      total 3584K, used 384K [0x00000000eab00000, 0x00000000eaf00000, 0x0000000100000000)
  eden space 2560K, 0% used [0x00000000eab00000,0x00000000eab00000,0x00000000ead80000)
  from space 1024K, 37% used [0x00000000ead80000,0x00000000eade0000,0x00000000eae80000)
  to   space 512K, 0% used [0x00000000eae80000,0x00000000eae80000,0x00000000eaf00000)
 ParOldGen       total 139264K, used 116681K [0x00000000c0000000, 0x00000000c8800000, 0x00000000eab00000)
  object space 139264K, 83% used [0x00000000c0000000,0x00000000c71f2680,0x00000000c8800000)
 Metaspace       used 92894K, committed 94336K, reserved 1179648K
  class space    used 9337K, committed 10048K, reserved 1048576K
}
Event: 1356.965 GC heap before
{Heap before GC invocations=4693 (full 74):
 PSYoungGen      total 3584K, used 2944K [0x00000000eab00000, 0x00000000eaf00000, 0x0000000100000000)
  eden space 2560K, 100% used [0x00000000eab00000,0x00000000ead80000,0x00000000ead80000)
  from space 1024K, 37% used [0x00000000ead80000,0x00000000eade0000,0x00000000eae80000)
  to   space 512K, 0% used [0x00000000eae80000,0x00000000eae80000,0x00000000eaf00000)
 ParOldGen       total 139264K, used 116681K [0x00000000c0000000, 0x00000000c8800000, 0x00000000eab00000)
  object space 139264K, 83% used [0x00000000c0000000,0x00000000c71f2680,0x00000000c8800000)
 Metaspace       used 92899K, committed 94336K, reserved 1179648K
  class space    used 9337K, committed 10048K, reserved 1048576K
}
Event: 1356.965 GC heap after
{Heap after GC invocations=4693 (full 74):
 PSYoungGen      total 2048K, used 504K [0x00000000eab00000, 0x00000000eb200000, 0x0000000100000000)
  eden space 1536K, 0% used [0x00000000eab00000,0x00000000eab00000,0x00000000eac80000)
  from space 512K, 98% used [0x00000000eae80000,0x00000000eaefe160,0x00000000eaf00000)
  to   space 2048K, 0% used [0x00000000eac80000,0x00000000eac80000,0x00000000eae80000)
 ParOldGen       total 139264K, used 117953K [0x00000000c0000000, 0x00000000c8800000, 0x00000000eab00000)
  object space 139264K, 84% used [0x00000000c0000000,0x00000000c7330680,0x00000000c8800000)
 Metaspace       used 92899K, committed 94336K, reserved 1179648K
  class space    used 9337K, committed 10048K, reserved 1048576K
}
Event: 1356.968 GC heap before
{Heap before GC invocations=4694 (full 74):
 PSYoungGen      total 2048K, used 1982K [0x00000000eab00000, 0x00000000eb200000, 0x0000000100000000)
  eden space 1536K, 96% used [0x00000000eab00000,0x00000000eac71920,0x00000000eac80000)
  from space 512K, 98% used [0x00000000eae80000,0x00000000eaefe160,0x00000000eaf00000)
  to   space 2048K, 0% used [0x00000000eac80000,0x00000000eac80000,0x00000000eae80000)
 ParOldGen       total 139264K, used 117953K [0x00000000c0000000, 0x00000000c8800000, 0x00000000eab00000)
  object space 139264K, 84% used [0x00000000c0000000,0x00000000c7330680,0x00000000c8800000)
 Metaspace       used 92902K, committed 94336K, reserved 1179648K
  class space    used 9337K, committed 10048K, reserved 1048576K
}
Event: 1356.968 GC heap after
{Heap after GC invocations=4694 (full 74):
 PSYoungGen      total 3584K, used 1678K [0x00000000eab00000, 0x00000000eb100000, 0x0000000100000000)
  eden space 1536K, 0% used [0x00000000eab00000,0x00000000eab00000,0x00000000eac80000)
  from space 2048K, 81% used [0x00000000eac80000,0x00000000eae239d0,0x00000000eae80000)
  to   space 2048K, 0% used [0x00000000eaf00000,0x00000000eaf00000,0x00000000eb100000)
 ParOldGen       total 139264K, used 118504K [0x00000000c0000000, 0x00000000c8800000, 0x00000000eab00000)
  object space 139264K, 85% used [0x00000000c0000000,0x00000000c73ba220,0x00000000c8800000)
 Metaspace       used 92902K, committed 94336K, reserved 1179648K
  class space    used 9337K, committed 10048K, reserved 1048576K
}
Event: 1356.970 GC heap before
{Heap before GC invocations=4695 (full 74):
 PSYoungGen      total 3584K, used 3214K [0x00000000eab00000, 0x00000000eb100000, 0x0000000100000000)
  eden space 1536K, 100% used [0x00000000eab00000,0x00000000eac80000,0x00000000eac80000)
  from space 2048K, 81% used [0x00000000eac80000,0x00000000eae239d0,0x00000000eae80000)
  to   space 2048K, 0% used [0x00000000eaf00000,0x00000000eaf00000,0x00000000eb100000)
 ParOldGen       total 139264K, used 118504K [0x00000000c0000000, 0x00000000c8800000, 0x00000000eab00000)
  object space 139264K, 85% used [0x00000000c0000000,0x00000000c73ba220,0x00000000c8800000)
 Metaspace       used 92904K, committed 94336K, reserved 1179648K
  class space    used 9337K, committed 10048K, reserved 1048576K
}

