# JRE version: OpenJDK Runtime Environment Temurin-17.0.9+9 (17.0.9+9) (build 17.0.9+9)
# Java VM: OpenJDK 64-Bit Server VM Temurin-17.0.9+9 (17.0.9+9, mixed mode, tiered, compressed oops, compressed class ptrs, parallel gc, windows-amd64)
GC Precious Log:
 CPUs: 16 total, 16 available
 Memory: 32701M
 Large Page Support: Disabled
 NUMA Support: Disabled
 Compressed Oops: Enabled (32-bit)
 Alignments: Space 512K, Generation 512K, Heap 2M
 Heap Min Capacity: 100M
 Heap Initial Capacity: 100M
 Heap Max Capacity: 1G
 Pre-touch: Disabled
 Parallel Workers: 13
Heap:
 PSYoungGen      total 3072K, used 3072K [0x00000000eab00000, 0x00000000eb100000, 0x0000000100000000)
  eden space 1536K, 100% used [0x00000000eab00000,0x00000000eac80000,0x00000000eac80000)
  from space 1536K, 100% used [0x00000000eae80000,0x00000000eb000000,0x00000000eb000000)
  to   space 2048K, 76% used [0x00000000eac80000,0x00000000eae08000,0x00000000eae80000)
 ParOldGen       total 98304K, used 68670K [0x00000000c0000000, 0x00000000c6000000, 0x00000000eab00000)
  object space 98304K, 69% used [0x00000000c0000000,0x00000000c430fbf8,0x00000000c6000000)
 Metaspace       used 92855K, committed 94144K, reserved 1179648K
  class space    used 9286K, committed 9920K, reserved 1048576K
GC Heap History (20 events):
Event: 1274.248 GC heap after
{Heap after GC invocations=5811 (full 89):
 PSYoungGen      total 3584K, used 1152K [0x00000000eab00000, 0x00000000eb080000, 0x0000000100000000)
  eden space 1024K, 0% used [0x00000000eab00000,0x00000000eab00000,0x00000000eac00000)
  from space 2560K, 45% used [0x00000000eac00000,0x00000000ead20000,0x00000000eae80000)
  to   space 2048K, 0% used [0x00000000eae80000,0x00000000eae80000,0x00000000eb080000)
 ParOldGen       total 101888K, used 95476K [0x00000000c0000000, 0x00000000c6380000, 0x00000000eab00000)
  object space 101888K, 93% used [0x00000000c0000000,0x00000000c5d3d050,0x00000000c6380000)
 Metaspace       used 92855K, committed 94144K, reserved 1179648K
  class space    used 9286K, committed 9920K, reserved 1048576K
}
Event: 1274.250 GC heap before
{Heap before GC invocations=5812 (full 89):
 PSYoungGen      total 3584K, used 2176K [0x00000000eab00000, 0x00000000eb080000, 0x0000000100000000)
  eden space 1024K, 100% used [0x00000000eab00000,0x00000000eac00000,0x00000000eac00000)
  from space 2560K, 45% used [0x00000000eac00000,0x00000000ead20000,0x00000000eae80000)
  to   space 2048K, 0% used [0x00000000eae80000,0x00000000eae80000,0x00000000eb080000)
 ParOldGen       total 101888K, used 95476K [0x00000000c0000000, 0x00000000c6380000, 0x00000000eab00000)
  object space 101888K, 93% used [0x00000000c0000000,0x00000000c5d3d050,0x00000000c6380000)
 Metaspace       used 92855K, committed 94144K, reserved 1179648K
  class space    used 9286K, committed 9920K, reserved 1048576K
}
Event: 1274.252 GC heap after
{Heap after GC invocations=5812 (full 89):
 PSYoungGen      total 3072K, used 1088K [0x00000000eab00000, 0x00000000eb000000, 0x0000000100000000)
  eden space 1536K, 0% used [0x00000000eab00000,0x00000000eab00000,0x00000000eac80000)
  from space 1536K, 70% used [0x00000000eae80000,0x00000000eaf90000,0x00000000eb000000)
  to   space 1536K, 0% used [0x00000000ead00000,0x00000000ead00000,0x00000000eae80000)
 ParOldGen       total 101888K, used 96508K [0x00000000c0000000, 0x00000000c6380000, 0x00000000eab00000)
  object space 101888K, 94% used [0x00000000c0000000,0x00000000c5e3f050,0x00000000c6380000)
 Metaspace       used 92855K, committed 94144K, reserved 1179648K
  class space    used 9286K, committed 9920K, reserved 1048576K
}
Event: 1274.258 GC heap before
{Heap before GC invocations=5813 (full 89):
 PSYoungGen      total 3072K, used 2624K [0x00000000eab00000, 0x00000000eb000000, 0x0000000100000000)
  eden space 1536K, 100% used [0x00000000eab00000,0x00000000eac80000,0x00000000eac80000)
  from space 1536K, 70% used [0x00000000eae80000,0x00000000eaf90000,0x00000000eb000000)
  to   space 1536K, 0% used [0x00000000ead00000,0x00000000ead00000,0x00000000eae80000)
 ParOldGen       total 101888K, used 96508K [0x00000000c0000000, 0x00000000c6380000, 0x00000000eab00000)
  object space 101888K, 94% used [0x00000000c0000000,0x00000000c5e3f050,0x00000000c6380000)
 Metaspace       used 92855K, committed 94144K, reserved 1179648K
  class space    used 9286K, committed 9920K, reserved 1048576K
}
Event: 1274.259 GC heap after
{Heap after GC invocations=5813 (full 89):
 PSYoungGen      total 3072K, used 640K [0x00000000eab00000, 0x00000000eaf00000, 0x0000000100000000)
  eden space 2048K, 0% used [0x00000000eab00000,0x00000000eab00000,0x00000000ead00000)
  from space 1024K, 62% used [0x00000000ead00000,0x00000000eada0000,0x00000000eae00000)
  to   space 1024K, 0% used [0x00000000eae00000,0x00000000eae00000,0x00000000eaf00000)
 ParOldGen       total 101888K, used 97436K [0x00000000c0000000, 0x00000000c6380000, 0x00000000eab00000)
  object space 101888K, 95% used [0x00000000c0000000,0x00000000c5f27050,0x00000000c6380000)
 Metaspace       used 92855K, committed 94144K, reserved 1179648K
  class space    used 9286K, committed 9920K, reserved 1048576K
}
Event: 1274.262 GC heap before
{Heap before GC invocations=5814 (full 89):
 PSYoungGen      total 3072K, used 2688K [0x00000000eab00000, 0x00000000eaf00000, 0x0000000100000000)
  eden space 2048K, 100% used [0x00000000eab00000,0x00000000ead00000,0x00000000ead00000)
  from space 1024K, 62% used [0x00000000ead00000,0x00000000eada0000,0x00000000eae00000)
  to   space 1024K, 0% used [0x00000000eae00000,0x00000000eae00000,0x00000000eaf00000)
 ParOldGen       total 101888K, used 97436K [0x00000000c0000000, 0x00000000c6380000, 0x00000000eab00000)
  object space 101888K, 95% used [0x00000000c0000000,0x00000000c5f27050,0x00000000c6380000)
 Metaspace       used 92855K, committed 94144K, reserved 1179648K
  class space    used 9286K, committed 9920K, reserved 1048576K
}
Event: 1274.262 GC heap after
{Heap after GC invocations=5814 (full 89):
 PSYoungGen      total 1536K, used 992K [0x00000000eab00000, 0x00000000eb380000, 0x0000000100000000)
  eden space 512K, 0% used [0x00000000eab00000,0x00000000eab00000,0x00000000eab80000)
  from space 1024K, 96% used [0x00000000eae00000,0x00000000eaef82f0,0x00000000eaf00000)
  to   space 2560K, 0% used [0x00000000eab80000,0x00000000eab80000,0x00000000eae00000)
 ParOldGen       total 101888K, used 98796K [0x00000000c0000000, 0x00000000c6380000, 0x00000000eab00000)
  object space 101888K, 96% used [0x00000000c0000000,0x00000000c607b050,0x00000000c6380000)
 Metaspace       used 92855K, committed 94144K, reserved 1179648K
  class space    used 9286K, committed 9920K, reserved 1048576K
}
Event: 1274.263 GC heap before
{Heap before GC invocations=5815 (full 89):
 PSYoungGen      total 1536K, used 1504K [0x00000000eab00000, 0x00000000eb380000, 0x0000000100000000)
  eden space 512K, 100% used [0x00000000eab00000,0x00000000eab80000,0x00000000eab80000)
  from space 1024K, 96% used [0x00000000eae00000,0x00000000eaef82f0,0x00000000eaf00000)
  to   space 2560K, 0% used [0x00000000eab80000,0x00000000eab80000,0x00000000eae00000)
 ParOldGen       total 101888K, used 98796K [0x00000000c0000000, 0x00000000c6380000, 0x00000000eab00000)
  object space 101888K, 96% used [0x00000000c0000000,0x00000000c607b050,0x00000000c6380000)
 Metaspace       used 92855K, committed 94144K, reserved 1179648K
  class space    used 9286K, committed 9920K, reserved 1048576K
}
Event: 1274.264 GC heap after
{Heap after GC invocations=5815 (full 89):
 PSYoungGen      total 1536K, used 672K [0x00000000eab00000, 0x00000000eaf00000, 0x0000000100000000)
  eden space 512K, 0% used [0x00000000eab00000,0x00000000eab00000,0x00000000eab80000)
  from space 1024K, 65% used [0x00000000eab80000,0x00000000eac28000,0x00000000eac80000)
  to   space 1536K, 0% used [0x00000000ead80000,0x00000000ead80000,0x00000000eaf00000)
 ParOldGen       total 101888K, used 99844K [0x00000000c0000000, 0x00000000c6380000, 0x00000000eab00000)
  object space 101888K, 97% used [0x00000000c0000000,0x00000000c6181340,0x00000000c6380000)
 Metaspace       used 92855K, committed 94144K, reserved 1179648K
  class space    used 9286K, committed 9920K, reserved 1048576K
}
Event: 1274.264 GC heap before
{Heap before GC invocations=5816 (full 89):
 PSYoungGen      total 1536K, used 1184K [0x00000000eab00000, 0x00000000eaf00000, 0x0000000100000000)
  eden space 512K, 100% used [0x00000000eab00000,0x00000000eab80000,0x00000000eab80000)
  from space 1024K, 65% used [0x00000000eab80000,0x00000000eac28000,0x00000000eac80000)
  to   space 1536K, 0% used [0x00000000ead80000,0x00000000ead80000,0x00000000eaf00000)
 ParOldGen       total 101888K, used 99844K [0x00000000c0000000, 0x00000000c6380000, 0x00000000eab00000)
  object space 101888K, 97% used [0x00000000c0000000,0x00000000c6181340,0x00000000c6380000)
 Metaspace       used 92855K, committed 94144K, reserved 1179648K
  class space    used 9286K, committed 9920K, reserved 1048576K
}
Event: 1274.265 GC heap after
{Heap after GC invocations=5816 (full 89):
 PSYoungGen      total 2048K, used 672K [0x00000000eab00000, 0x00000000eae80000, 0x0000000100000000)
  eden space 1024K, 0% used [0x00000000eab00000,0x00000000eab00000,0x00000000eac00000)
  from space 1024K, 65% used [0x00000000ead80000,0x00000000eae28000,0x00000000eae80000)
  to   space 1024K, 0% used [0x00000000eac80000,0x00000000eac80000,0x00000000ead80000)
 ParOldGen       total 101888K, used 100364K [0x00000000c0000000, 0x00000000c6380000, 0x00000000eab00000)
  object space 101888K, 98% used [0x00000000c0000000,0x00000000c6203340,0x00000000c6380000)
 Metaspace       used 92855K, committed 94144K, reserved 1179648K
  class space    used 9286K, committed 9920K, reserved 1048576K
}
Event: 1274.368 GC heap before
{Heap before GC invocations=5817 (full 89):
 PSYoungGen      total 2048K, used 1696K [0x00000000eab00000, 0x00000000eae80000, 0x0000000100000000)
  eden space 1024K, 100% used [0x00000000eab00000,0x00000000eac00000,0x00000000eac00000)
  from space 1024K, 65% used [0x00000000ead80000,0x00000000eae28000,0x00000000eae80000)
  to   space 1024K, 0% used [0x00000000eac80000,0x00000000eac80000,0x00000000ead80000)
 ParOldGen       total 101888K, used 100364K [0x00000000c0000000, 0x00000000c6380000, 0x00000000eab00000)
  object space 101888K, 98% used [0x00000000c0000000,0x00000000c6203340,0x00000000c6380000)
 Metaspace       used 92855K, committed 94144K, reserved 1179648K
  class space    used 9286K, committed 9920K, reserved 1048576K
}
Event: 1274.369 GC heap after
{Heap after GC invocations=5817 (full 89):
 PSYoungGen      total 2560K, used 1024K [0x00000000eab00000, 0x00000000eaf80000, 0x0000000100000000)
  eden space 1536K, 0% used [0x00000000eab00000,0x00000000eab00000,0x00000000eac80000)
  from space 1024K, 100% used [0x00000000eac80000,0x00000000ead80000,0x00000000ead80000)
  to   space 1536K, 0% used [0x00000000eae00000,0x00000000eae00000,0x00000000eaf80000)
 ParOldGen       total 101888K, used 100876K [0x00000000c0000000, 0x00000000c6380000, 0x00000000eab00000)
  object space 101888K, 99% used [0x00000000c0000000,0x00000000c6283340,0x00000000c6380000)
 Metaspace       used 92855K, committed 94144K, reserved 1179648K
  class space    used 9286K, committed 9920K, reserved 1048576K
}
Event: 1274.371 GC heap before
{Heap before GC invocations=5818 (full 89):
 PSYoungGen      total 2560K, used 2560K [0x00000000eab00000, 0x00000000eaf80000, 0x0000000100000000)
  eden space 1536K, 100% used [0x00000000eab00000,0x00000000eac80000,0x00000000eac80000)
  from space 1024K, 100% used [0x00000000eac80000,0x00000000ead80000,0x00000000ead80000)
  to   space 1536K, 0% used [0x00000000eae00000,0x00000000eae00000,0x00000000eaf80000)
 ParOldGen       total 101888K, used 100876K [0x00000000c0000000, 0x00000000c6380000, 0x00000000eab00000)
  object space 101888K, 99% used [0x00000000c0000000,0x00000000c6283340,0x00000000c6380000)
 Metaspace       used 92855K, committed 94144K, reserved 1179648K
  class space    used 9286K, committed 9920K, reserved 1048576K
}
Event: 1274.372 GC heap after
{Heap after GC invocations=5818 (full 89):
 PSYoungGen      total 3072K, used 1120K [0x00000000eab00000, 0x00000000eb000000, 0x0000000100000000)
  eden space 1536K, 0% used [0x00000000eab00000,0x00000000eab00000,0x00000000eac80000)
  from space 1536K, 72% used [0x00000000eae00000,0x00000000eaf182f0,0x00000000eaf80000)
  to   space 1536K, 0% used [0x00000000eac80000,0x00000000eac80000,0x00000000eae00000)
 ParOldGen       total 101888K, used 101761K [0x00000000c0000000, 0x00000000c6380000, 0x00000000eab00000)
  object space 101888K, 99% used [0x00000000c0000000,0x00000000c63607c0,0x00000000c6380000)
 Metaspace       used 92855K, committed 94144K, reserved 1179648K
  class space    used 9286K, committed 9920K, reserved 1048576K
}
Event: 1274.372 GC heap before
{Heap before GC invocations=5819 (full 90):
 PSYoungGen      total 3072K, used 1120K [0x00000000eab00000, 0x00000000eb000000, 0x0000000100000000)
  eden space 1536K, 0% used [0x00000000eab00000,0x00000000eab00000,0x00000000eac80000)
  from space 1536K, 72% used [0x00000000eae00000,0x00000000eaf182f0,0x00000000eaf80000)
  to   space 1536K, 0% used [0x00000000eac80000,0x00000000eac80000,0x00000000eae00000)
 ParOldGen       total 101888K, used 101761K [0x00000000c0000000, 0x00000000c6380000, 0x00000000eab00000)
  object space 101888K, 99% used [0x00000000c0000000,0x00000000c63607c0,0x00000000c6380000)
 Metaspace       used 92855K, committed 94144K, reserved 1179648K
  class space    used 9286K, committed 9920K, reserved 1048576K
}
Event: 1274.421 GC heap after
{Heap after GC invocations=5819 (full 90):
 PSYoungGen      total 3072K, used 0K [0x00000000eab00000, 0x00000000eb000000, 0x0000000100000000)
  eden space 1536K, 0% used [0x00000000eab00000,0x00000000eab00000,0x00000000eac80000)
  from space 1536K, 0% used [0x00000000eac80000,0x00000000eac80000,0x00000000eae00000)
  to   space 1536K, 0% used [0x00000000eae80000,0x00000000eae80000,0x00000000eb000000)
 ParOldGen       total 98304K, used 67118K [0x00000000c0000000, 0x00000000c6000000, 0x00000000eab00000)
  object space 98304K, 68% used [0x00000000c0000000,0x00000000c418bbf8,0x00000000c6000000)
 Metaspace       used 92855K, committed 94144K, reserved 1179648K
  class space    used 9286K, committed 9920K, reserved 1048576K
}
Event: 1274.423 GC heap before
{Heap before GC invocations=5820 (full 90):
 PSYoungGen      total 3072K, used 1536K [0x00000000eab00000, 0x00000000eb000000, 0x0000000100000000)
  eden space 1536K, 100% used [0x00000000eab00000,0x00000000eac80000,0x00000000eac80000)
  from space 1536K, 0% used [0x00000000eac80000,0x00000000eac80000,0x00000000eae00000)
  to   space 1536K, 0% used [0x00000000eae80000,0x00000000eae80000,0x00000000eb000000)
 ParOldGen       total 98304K, used 67118K [0x00000000c0000000, 0x00000000c6000000, 0x00000000eab00000)
  object space 98304K, 68% used [0x00000000c0000000,0x00000000c418bbf8,0x00000000c6000000)
 Metaspace       used 92855K, committed 94144K, reserved 1179648K
  class space    used 9286K, committed 9920K, reserved 1048576K
}
Event: 1274.424 GC heap after
{Heap after GC invocations=5820 (full 90):
 PSYoungGen      total 3072K, used 1536K [0x00000000eab00000, 0x00000000eb100000, 0x0000000100000000)
  eden space 1536K, 0% used [0x00000000eab00000,0x00000000eab00000,0x00000000eac80000)
  from space 1536K, 100% used [0x00000000eae80000,0x00000000eb000000,0x00000000eb000000)
  to   space 2048K, 0% used [0x00000000eac80000,0x00000000eac80000,0x00000000eae80000)
 ParOldGen       total 98304K, used 67174K [0x00000000c0000000, 0x00000000c6000000, 0x00000000eab00000)
  object space 98304K, 68% used [0x00000000c0000000,0x00000000c4199bf8,0x00000000c6000000)
 Metaspace       used 92855K, committed 94144K, reserved 1179648K
  class space    used 9286K, committed 9920K, reserved 1048576K
}
Event: 1274.427 GC heap before
{Heap before GC invocations=5821 (full 90):
 PSYoungGen      total 3072K, used 3072K [0x00000000eab00000, 0x00000000eb100000, 0x0000000100000000)
  eden space 1536K, 100% used [0x00000000eab00000,0x00000000eac80000,0x00000000eac80000)
  from space 1536K, 100% used [0x00000000eae80000,0x00000000eb000000,0x00000000eb000000)
  to   space 2048K, 0% used [0x00000000eac80000,0x00000000eac80000,0x00000000eae80000)
 ParOldGen       total 98304K, used 67174K [0x00000000c0000000, 0x00000000c6000000, 0x00000000eab00000)
  object space 98304K, 68% used [0x00000000c0000000,0x00000000c4199bf8,0x00000000c6000000)
 Metaspace       used 92855K, committed 94144K, reserved 1179648K
  class space    used 9286K, committed 9920K, reserved 1048576K
}

